C51 COMPILER V9.57.0.0   ____1                                                             05/29/2021 20:24:48 PAGE 1   


C51 COMPILER V9.57.0.0, COMPILATION OF MODULE ____1
OBJECT MODULE PLACED IN .\Objects\Ö÷»ú1.obj
COMPILER INVOKED BY: C:\Keil_v5\C51\BIN\C51.EXE Ö÷»ú1.c OPTIMIZE(8,SPEED) BROWSE DEBUG OBJECTEXTEND PRINT(.\Listings\Ö÷»
                    -ú1.lst) TABS(2) OBJECT(.\Objects\Ö÷»ú1.obj)

line level    source

   1          #include <reg51.h>
   2          #define NODE1_ADDR 1
   3          #define NODE2_ADDR 2
   4          
   5          sbit LED1=P3^6;
   6          sbit LED2=P3^7;
   7          unsigned char num[16]={0xc0,0xf9,0xa4,0xb0,0x99,0x92,0x82,0xd8,0x80,0x90,0x88,0x83,0xc6,0xa1,0x86,0x8e};
   8          
   9          void display1(unsigned ch){
  10   1        if((ch>=48)&&(ch<=57)) P0=num[ch-48];
  11   1        else if((ch>=65)&&(ch<=70)) P0=num[ch-55];
  12   1      }
  13          void display2(unsigned ch){
  14   1        if((ch>=48)&&(ch<=57)) P2=num[ch-48];
  15   1        else if((ch>=65)&&(ch<=70)) P2=num[ch-55];
  16   1      }
  17          void delay(unsigned int time){
  18   1        unsigned char i, j;
  19   1        for(i=0; i<130; i++)
  20   1               for(j=0; j<time; j++);
  21   1      }
  22          
  23          void main(){
  24   1        SCON=0xf0;
  25   1        TMOD=0x20;
  26   1        TH1=TL1=0xfd;
  27   1        TR1=1;
  28   1        ES=1;
  29   1        EA=1;
  30   1        while(1);
  31   1      }
  32          
  33          void receive()interrupt 4{
  34   1        RI=0;
  35   1        if(RB8==1){
  36   2          switch(SBUF){
  37   3            case 1:
  38   3              SM2=0;
  39   3              LED1=!LED1;
  40   3              delay(20);
  41   3             // return;
  42   3              display1(SBUF);
  43   3              break;
  44   3            case 2:
  45   3              SM2=0;
  46   3              LED2=!LED2;
  47   3              delay(20);
  48   3             // return;
  49   3              display2(SBUF);
  50   3              break;
  51   3          }
  52   2          /*if(SBUF==NODE1_ADDR){
  53   2            SM2=0;
  54   2            LED1=!LED1;
C51 COMPILER V9.57.0.0   ____1                                                             05/29/2021 20:24:48 PAGE 2   

  55   2          }
  56   2          else if(SBUF==NODE2_ADDR){
  57   2            SM2=0;
  58   2            LED2=!LED2;
  59   2          }
  60   2          return;*/
  61   2        }
  62   1        SM2=1;
  63   1      }
  64          
  65          
  66          
  67          
  68          
  69          
  70          
  71          
  72          
  73          
  74          
  75          


MODULE INFORMATION:   STATIC OVERLAYABLE
   CODE SIZE        =    218    ----
   CONSTANT SIZE    =   ----    ----
   XDATA SIZE       =   ----    ----
   PDATA SIZE       =   ----    ----
   DATA SIZE        =     16    ----
   IDATA SIZE       =   ----    ----
   BIT SIZE         =   ----    ----
END OF MODULE INFORMATION.


C51 COMPILATION COMPLETE.  0 WARNING(S),  0 ERROR(S)
