C51 COMPILER V9.57.0.0   TEXT                                                              04/16/2021 23:02:26 PAGE 1   


C51 COMPILER V9.57.0.0, COMPILATION OF MODULE TEXT
OBJECT MODULE PLACED IN .\Objects\text.obj
COMPILER INVOKED BY: D:\C51\BIN\C51.EXE text.c OPTIMIZE(8,SPEED) BROWSE DEBUG OBJECTEXTEND PRINT(.\Listings\text.lst) TA
                    -BS(2) OBJECT(.\Objects\text.obj)

line level    source

   1          #include<reg51.h>
   2          static unsigned char num[8]={0xf9,0xa4,0xb0,0x99,0x92,0x82,0xd8,0x80};
   3          void EXINT0() interrupt 0
   4          {
   5   1        switch(P2){
   6   2          case 0xfe: P1=0xfe,P0=num[0]; break;
   7   2          case 0xfd: P1=0xfd,P0=num[1]; break;
   8   2          case 0xfb: P1=0xfb,P0=num[2]; break;
   9   2          case 0xf7: P1=0xf7,P0=num[3]; break;
  10   2          case 0xef: P1=0xef,P0=num[4]; break;
  11   2          case 0xdf: P1=0xdf,P0=num[5]; break;
  12   2          case 0xbf: P1=0xbf,P0=num[6]; break;
  13   2          case 0x7f: P1=0x7f,P0=num[7]; break;
  14   2        }
  15   1        P3=0xff;
  16   1      }
  17          
  18          void main()
  19          {
  20   1        P1=0xff;
  21   1        P2=0xff;
  22   1        P0=0xff;
  23   1        while(1){
  24   2        while(1){
  25   3          if(P3==0xfe){
  26   4          EA=1;
  27   4          EX0=1;
  28   4          IT0=1;
  29   4          P3=0x05;
  30   4          P1=0xff;
  31   4          P2=0xff;
  32   4          P0=0xff;
  33   4          }
  34   3          if(P1!=0xff){
  35   4            EA=0;
  36   4            EX0=0;
  37   4            P3=0xff;
  38   4            break;
  39   4          }
  40   3        }
  41   2      }
  42   1      }


MODULE INFORMATION:   STATIC OVERLAYABLE
   CODE SIZE        =    161    ----
   CONSTANT SIZE    =   ----    ----
   XDATA SIZE       =   ----    ----
   PDATA SIZE       =   ----    ----
   DATA SIZE        =      8    ----
   IDATA SIZE       =   ----    ----
   BIT SIZE         =   ----    ----
END OF MODULE INFORMATION.


C51 COMPILATION COMPLETE.  0 WARNING(S),  0 ERROR(S)
