C51 COMPILER V9.57.0.0   ________                                                          05/18/2021 08:09:35 PAGE 1   


C51 COMPILER V9.57.0.0, COMPILATION OF MODULE ________
OBJECT MODULE PLACED IN .\Objects\电子琴新.obj
COMPILER INVOKED BY: C:\Keil_v5\C51\BIN\C51.EXE 电子琴新.c OPTIMIZE(8,SPEED) BROWSE DEBUG OBJECTEXTEND PRINT(.\Listings\
                    -电子琴新.lst) TABS(2) OBJECT(.\Objects\电子琴新.obj)

line level    source

   1          #include <reg51.h>
   2          #define FREQ 12000000
   3          #define SPEED 100 
   4          
   5          sbit SPEAKER = P2^0;
   6          
   7          unsigned char *pmsc;
   8          unsigned char tune_TH, tune_TL;
   9          unsigned char dura_TH, dura_TL;
  10          unsigned char new_note;
  11          unsigned char repeat;
  12          
  13          unsigned char code musicdata[]={
  14            0x15,0x08, 0x13,0x04, 0x15,0x04, 0x21,0x0c,
  15            0x17,0x04, 0x16,0x08, 0x21,0x08, 0x15,0x10,
  16            0x15,0x08, 0x11,0x04, 0x12,0x04, 0x13,0x08,
  17            0x12,0x04, 0x11,0x04, 0x12,0x20,
  18            0x15,0x08, 0x13,0x04, 0x15,0x04, 0x21,0x0c,
  19            0x17,0x04, 0x16,0x08, 0x21,0x08, 0x15,0x10,
  20            0x15,0x08, 0x12,0x04, 0x13,0x04, 0x14,0x0c,
  21            0x07,0x04, 0x11,0x20,
  22            0x16,0x08, 0x21,0x08, 0x21,0x10, 0x17,0x08,
  23            0x16,0x04, 0x17,0x04, 0x21,0x10,
  24            0x16,0x04, 0x17,0x04, 0x21,0x04, 0x16,0x04,
  25            0x16,0x04, 0x15,0x04, 0x13,0x04, 0x11,0x04,
  26            0x12,0x20,
  27            0x15,0x08, 0x13,0x04, 0x15,0x04, 0x21,0x0c,
  28            0x17,0x04, 0x16,0x08, 0x21,0x08, 0x15,0x10,
  29            0x15,0x08, 0x12,0x04, 0x13,0x04, 0x14,0x0c,
  30            0x07,0x04,0x11,0x20,
  31            0x00,0x00
  32          };
  33          unsigned char code a[]={
  34            0x11,0x08, 0x12,0x08, 0x13,0x08, 0x14,0x08, 
  35            0x15,0x08, 0x16,0x08, 0x17,0x08, 0x21,0x08
  36          };
  37          
  38          unsigned char code music_freq_tab[64]={
  39            0xff, 0xea,
  40            255-FREQ/24/131/256, 256-FREQ/24/131%256, 
  41            255-FREQ/24/147/256, 256-FREQ/24/147%256, 
  42            255-FREQ/24/165/256, 256-FREQ/24/165%256, 
  43            255-FREQ/24/175/256, 256-FREQ/24/175%256, 
  44            255-FREQ/24/196/256, 256-FREQ/24/196%256, 
  45            255-FREQ/24/221/256, 256-FREQ/24/221%256, 
  46            255-FREQ/24/248/256, 256-FREQ/24/248%256, 
  47            
  48            0xff, 0xea,
  49            255-FREQ/24/262/256, 256-FREQ/24/262%256, 
  50            255-FREQ/24/294/256, 256-FREQ/24/294%256,
  51            255-FREQ/24/330/256, 256-FREQ/24/330%256, 
  52            255-FREQ/24/350/256, 256-FREQ/24/350%256, 
  53            255-FREQ/24/393/256, 256-FREQ/24/393%256, 
  54            255-FREQ/24/441/256, 256-FREQ/24/441%256, 
C51 COMPILER V9.57.0.0   ________                                                          05/18/2021 08:09:35 PAGE 2   

  55            255-FREQ/24/495/256, 256-FREQ/24/495%256, 
  56          
  57            0xff, 0xea,
  58            255-FREQ/24/525/256, 256-FREQ/24/525%256, 
  59            255-FREQ/24/589/256, 256-FREQ/24/589%256, 
  60            255-FREQ/24/661/256, 256-FREQ/24/661%256, 
  61            255-FREQ/24/700/256, 256-FREQ/24/700%256, 
  62            255-FREQ/24/786/256, 256-FREQ/24/786%256, 
  63            255-FREQ/24/882/256, 256-FREQ/24/882%256, 
  64            255-FREQ/24/990/256, 256-FREQ/24/990%256, 
  65          
  66            0xff, 0xea,
  67            255-FREQ/24/1049/256, 256-FREQ/24/1049%256, 
  68            255-FREQ/24/1178/256, 256-FREQ/24/1178%256, 
  69            255-FREQ/24/1322/256, 256-FREQ/24/1322%256, 
  70            255-FREQ/24/1400/256, 256-FREQ/24/1400%256, 
  71            255-FREQ/24/1572/256, 256-FREQ/24/1572%256, 
  72            255-FREQ/24/1665/256, 256-FREQ/24/1665%256, 
  73            255-FREQ/24/1869/256, 256-FREQ/24/1869%256, 
  74          };
  75          
  76          unsigned char code music_frequp_tab[64]={
  77            0xff, 0xea,
  78            255-FREQ/24/139/256, 256-FREQ/24/139%256,
  79            255-FREQ/24/156/256, 256-FREQ/24/156%256,
  80            255-FREQ/24/175/256, 256-FREQ/24/175%256, 
  81            255-FREQ/24/185/256, 256-FREQ/24/185%256, 
  82            255-FREQ/24/208/256, 256-FREQ/24/208%256, 
  83            255-FREQ/24/234/256, 256-FREQ/24/234%256, 
  84            255-FREQ/24/262/256, 256-FREQ/24/262%256,
  85          
  86            0xff, 0xea,
  87            255-FREQ/24/278/256, 256-FREQ/24/278%256,
  88            255-FREQ/24/312/256, 256-FREQ/24/312%256, 
  89            255-FREQ/24/350/256, 256-FREQ/24/350%256, 
  90            255-FREQ/24/371/256, 256-FREQ/24/371%256, 
  91            255-FREQ/24/416/256, 256-FREQ/24/416%256, 
  92            255-FREQ/24/467/256, 256-FREQ/24/467%256, 
  93            255-FREQ/24/525/256, 256-FREQ/24/525%256,
  94          
  95            0xff, 0xea,
  96            255-FREQ/24/556/256, 256-FREQ/24/556%256, 
  97            255-FREQ/24/624/256, 256-FREQ/24/624%256, 
  98            255-FREQ/24/700/256, 256-FREQ/24/700%256, 
  99            255-FREQ/24/742/256, 256-FREQ/24/742%256, 
 100            255-FREQ/24/833/256, 256-FREQ/24/833%256, 
 101            255-FREQ/24/935/256, 256-FREQ/24/935%256, 
 102            255-FREQ/24/1049/256, 256-FREQ/24/1049%256, 
 103            
 104            0xff, 0xea,
 105            255-FREQ/24/1112/256, 256-FREQ/24/1112%256,
 106            255-FREQ/24/1248/256, 256-FREQ/24/1248%256, 
 107            255-FREQ/24/1400/256, 256-FREQ/24/1400%256, 
 108            255-FREQ/24/1484/256, 256-FREQ/24/1484%256,
 109            255-FREQ/24/1618/256, 256-FREQ/24/1618%256, 
 110            255-FREQ/24/1764/256, 256-FREQ/24/1764%256, 
 111            255-FREQ/24/1968/256, 256-FREQ/24/1968%256, 
 112          };
 113            
 114          void delay(unsigned int);
 115          void music_play(void);
 116          void music_playplay(void);
C51 COMPILER V9.57.0.0   ________                                                          05/18/2021 08:09:35 PAGE 3   

 117          
 118          void main(void){
 119   1        TMOD=0x11;
 120   1        EA=1;
 121   1        EX0=1;
 122   1        IT0=0;
 123   1        ET0=1;
 124   1        ET1=1;
 125   1        TR0=0;
 126   1        TR1=0;
 127   1        repeat=10000/SPEED;
 128   1        
 129   1        while(1){
 130   2          //music_play();
 131   2          //delay(2000);
 132   2        }
 133   1      }
 134          
 135          void delay(unsigned int ms){
 136   1        unsigned char i, j;
 137   1        while(ms--)
 138   1          for(i=0; i<2; i++)
 139   1              for(j=0; j<122; j++);
 140   1      }
 141          
 142          void decoding(unsigned char *p){
 143   1        unsigned char tunenote;
 144   1        unsigned char duration;
 145   1        unsigned char badu;
 146   1        unsigned char yinfu;
 147   1        bit shenghao=0;
 148   1        tunenote=*p;
 149   1        duration=*(p+1);
 150   1        shenghao=tunenote>>7;
 151   1        badu=(tunenote&0x30)>>4;
 152   1        yinfu=tunenote&0x0f;
 153   1        if(shenghao){
 154   2          tune_TH=music_frequp_tab[badu*16+yinfu*2];
 155   2          tune_TL=music_frequp_tab[badu*16+yinfu*2+1];
 156   2        }
 157   1        else{
 158   2          tune_TH=music_freq_tab[badu*16+yinfu*2];
 159   2          tune_TL=music_freq_tab[badu*16+yinfu*2+1];
 160   2        }
 161   1        dura_TH=(65536-duration*1000)/256;
 162   1        dura_TL=(65536-duration*1000)%256;
 163   1      }
 164          
 165          void music_play(){
 166   1        pmsc=musicdata;
 167   1        new_note=1;
 168   1        TH1=0xff;
 169   1        TL1=0xff;
 170   1        TR1=1;
 171   1        
 172   1        while(*pmsc != 0x00);
 173   1        TR0=0;
 174   1        TR1=0;
 175   1        SPEAKER=0;
 176   1      }
 177          
 178          void music_tune(void) interrupt 1{
C51 COMPILER V9.57.0.0   ________                                                          05/18/2021 08:09:35 PAGE 4   

 179   1          SPEAKER=~SPEAKER;
 180   1          TH0=tune_TH;
 181   1          TL0=tune_TL;
 182   1      }
 183          void music_dura(void) interrupt 3{
 184   1        unsigned char i;
 185   1        if(new_note) {
 186   2          decoding(pmsc);
 187   2          TH0=tune_TH;
 188   2          TL0=tune_TL;
 189   2          TR0=1;
 190   2          new_note=0;
 191   2          i=0;
 192   2        }
 193   1        else i++; 
 194   1        if(i>=repeat){ 
 195   2          TR0=0; 
 196   2          pmsc+=2; 
 197   2          new_note=1;
 198   2          }
 199   1          TH1=dura_TH; 
 200   1          TL1=dura_TL;
 201   1        }
 202          
 203          
 204            
 205          void music_playplay(){
 206   1        pmsc=a;
 207   1          if(P1==0xfe) pmsc += 0;
 208   1          if(P1==0xfd) pmsc += 2;
 209   1          if(P1==0xfb) pmsc += 4;
 210   1          if(P1==0xf7) pmsc += 6;
 211   1          if(P1==0xef) pmsc += 8;
 212   1          if(P1==0xdf) pmsc += 10;
 213   1          if(P1==0xbf) pmsc += 12;
 214   1          if(P1==0x7f) pmsc += 14;
 215   1        
 216   1        new_note=1;
 217   1        TH1=0xff;
 218   1        TL1=0xff;
 219   1        TR1=1;
 220   1        while(*pmsc != 0x00);
 221   1        TR0=0;
 222   1        TR1=0;
 223   1        SPEAKER=0;
 224   1        }
 225          
 226            
 227          void EXINT0() interrupt 0 { 
 228   1        EX0=0; 
 229   1        delay(20); 
 230   1        EX0=1; 
 231   1        pmsc=a;
 232   1          if(P1==0xfe) pmsc += 0;
 233   1          if(P1==0xfd) pmsc += 1;
 234   1          if(P1==0xfb) pmsc += 2;
 235   1          if(P1==0xf7) pmsc += 3;
 236   1          if(P1==0xef) pmsc += 4;
 237   1          if(P1==0xdf) pmsc += 5;
 238   1          if(P1==0xbf) pmsc += 6;
 239   1          if(P1==0x7f) pmsc += 7;
 240   1        
C51 COMPILER V9.57.0.0   ________                                                          05/18/2021 08:09:35 PAGE 5   

 241   1        new_note=1;
 242   1        TH1=0xff;
 243   1        TL1=0xff;
 244   1        TR1=1;
 245   1        TR0=1;
 246   1        delay(20);
 247   1        TR0=0;
 248   1        TR1=0;
 249   1        SPEAKER=0;
 250   1        }
 251            
 252              


MODULE INFORMATION:   STATIC OVERLAYABLE
   CODE SIZE        =    805    ----
   CONSTANT SIZE    =    264    ----
   XDATA SIZE       =   ----    ----
   PDATA SIZE       =   ----    ----
   DATA SIZE        =      9       2
   IDATA SIZE       =   ----    ----
   BIT SIZE         =   ----       1
END OF MODULE INFORMATION.


C51 COMPILATION COMPLETE.  0 WARNING(S),  0 ERROR(S)
